<?xml version="1.0" encoding="UTF-8" ?>
<testsuite tests="12" failures="0" name="TestSuite" time="0.24" errors="0" skipped="0">
  <properties>
[...]
</properties>
  <testcase classname="SnakeTest" name="collisionFlagShouldRaiseIfSnakeCollideWithFood" time="0.001"/>
  <testcase classname="SnakeTest" name="snakeShouldMoveDownwardIfItIsHeadingDownward" time="0"/>
  <testcase classname="SnakeTest" name="bodyOfGrownSnakeShouldContainPreviousHead" time="0"/>
  <testcase classname="SnakeTest" name="snakeGrowthShouldAddItsLengthByOne" time="0"/>
  <testcase classname="SnakeTest" name="snakeWillDieIfItHitsItsBody" time="0.001"/>
  <testcase classname="SnakeTest" name="snakeShouldBeSpawnAtTheCoordinateItWasCreated" time="0"/>
  <testcase classname="SnakeTest" name="foodShouldRespawnOnDifferentCoordinates" time="0"/>
  <testcase classname="SnakeTest" name="snakeWillDieIfItGoesBeyondTheGameBorder" time="0.001"/>
  <testcase classname="GameLoopTest" name="testClockTick" time="0.234"/>
  <testcase classname="GameLoopTest" name="scoreWillIncreaseIfSnakeEatFood" time="0.001"/>
  <testcase classname="GameLoopTest" name="scoreWillIncreaseFiveIfSnakeEatGreenFood" time="0.001"/>
  <testcase classname="GameLoopTest" name="testNoBack" time="0.001"/>
</testsuite>